=== YOLOv8-seg Training: Tue Apr 14 01:10:20 PM EDT 2026 ===
Tue Apr 14 13:10:20 2026       
+-----------------------------------------------------------------------------------------+
| NVIDIA-SMI 570.124.06             Driver Version: 570.124.06     CUDA Version: 12.8     |
|-----------------------------------------+------------------------+----------------------+
| GPU  Name                 Persistence-M | Bus-Id          Disp.A | Volatile Uncorr. ECC |
| Fan  Temp   Perf          Pwr:Usage/Cap |           Memory-Usage | GPU-Util  Compute M. |
|                                         |                        |               MIG M. |
|=========================================+========================+======================|
|   0  NVIDIA GeForce GTX 1080 Ti     Off |   00000000:04:00.0 Off |                  N/A |
| 28%   25C    P8              7W /  250W |       0MiB /  11264MiB |      0%      Default |
|                                         |                        |                  N/A |
+-----------------------------------------+------------------------+----------------------+
                                                                                         
+-----------------------------------------------------------------------------------------+
| Processes:                                                                              |
|  GPU   GI   CI              PID   Type   Process name                        GPU Memory |
|        ID   ID                                                               Usage      |
|=========================================================================================|
|  No running processes found                                                             |
+-----------------------------------------------------------------------------------------+
/var/spool/slurmd/job5815942/slurm_script: line 17: /u/fkm5yp/.local/bin/pip: No such file or directory
/var/spool/slurmd/job5815942/slurm_script: line 18: /u/fkm5yp/.local/bin/pip: No such file or directory
CUDA: False
ERROR: Model file missing or too small: 
=== Done: Tue Apr 14 01:10:23 PM EDT 2026 ===
