
Inactive Modules:
  1) clang/18.1.8

Due to MODULEPATH changes, the following have been reloaded:
  1) gmp/6.3.0            3) libxml2/.2.12.7     5) z3/4.13.0
  2) libreadline/.8.2     4) python/3.12.3

The following have been reloaded with a version change:
  1) gcc/14.2.0 => gcc/11.4.0           5) tcl/9.0.1 => tcl/8.6.12
  2) libffi/3.5.1 => libffi/3.4.5       6) xz/5.8.1 => xz/5.4.4
  3) ncurses/.6.5 => ncurses/.6.4       7) zlib/.1.3.1 => zlib/.1.2.13
  4) sqlite/3.50.1 => sqlite/3.38.3

Traceback (most recent call last):
  File "/u/fkm5yp/rustdetection/train_yolo.py", line 8, in <module>
    model = YOLO("yolov8s-seg.pt")  # pretrained YOLOv8 small segmentation model
            ^^^^^^^^^^^^^^^^^^^^^^
  File "/u/fkm5yp/.local/lib/python3.12/site-packages/ultralytics/models/yolo/model.py", line 76, in __init__
    super().__init__(model=model, task=task, verbose=verbose)
  File "/u/fkm5yp/.local/lib/python3.12/site-packages/ultralytics/engine/model.py", line 144, in __init__
    self._load(model, task=task)
  File "/u/fkm5yp/.local/lib/python3.12/site-packages/ultralytics/engine/model.py", line 283, in _load
    self.model, self.ckpt = load_checkpoint(weights)
                            ^^^^^^^^^^^^^^^^^^^^^^^^
  File "/u/fkm5yp/.local/lib/python3.12/site-packages/ultralytics/nn/tasks.py", line 1515, in load_checkpoint
    ckpt, weight = torch_safe_load(weight)  # load ckpt
                   ^^^^^^^^^^^^^^^^^^^^^^^
  File "/u/fkm5yp/.local/lib/python3.12/site-packages/ultralytics/nn/tasks.py", line 1463, in torch_safe_load
    ckpt = torch_load(file, map_location="cpu")
           ^^^^^^^^^^^^^^^^^^^^^^^^^^^^^^^^^^^^
  File "/u/fkm5yp/.local/lib/python3.12/site-packages/ultralytics/utils/patches.py", line 178, in torch_load
    return torch.load(*args, **kwargs)
           ^^^^^^^^^^^^^^^^^^^^^^^^^^^
  File "/u/fkm5yp/.local/lib/python3.12/site-packages/torch/serialization.py", line 1495, in load
    return _legacy_load(
           ^^^^^^^^^^^^^
  File "/u/fkm5yp/.local/lib/python3.12/site-packages/torch/serialization.py", line 1744, in _legacy_load
    magic_number = pickle_module.load(f, **pickle_load_args)
                   ^^^^^^^^^^^^^^^^^^^^^^^^^^^^^^^^^^^^^^^^^
_pickle.UnpicklingError: invalid load key, 'v'.
