Traceback (most recent call last):
  File "/u/fkm5yp/rustdetection/train_yolo.py", line 10, in <module>
    results = model.train(
              ^^^^^^^^^^^^
  File "/u/fkm5yp/.local/lib/python3.12/site-packages/ultralytics/engine/model.py", line 787, in train
    self.trainer.train()
  File "/u/fkm5yp/.local/lib/python3.12/site-packages/ultralytics/engine/trainer.py", line 246, in train
    self._do_train()
  File "/u/fkm5yp/.local/lib/python3.12/site-packages/ultralytics/engine/trainer.py", line 369, in _do_train
    self._setup_train()
  File "/u/fkm5yp/.local/lib/python3.12/site-packages/ultralytics/engine/trainer.py", line 350, in _setup_train
    self._build_train_pipeline()
  File "/u/fkm5yp/.local/lib/python3.12/site-packages/ultralytics/engine/trainer.py", line 271, in _build_train_pipeline
    self.train_loader = self.get_dataloader(
                        ^^^^^^^^^^^^^^^^^^^^
  File "/u/fkm5yp/.local/lib/python3.12/site-packages/ultralytics/models/yolo/detect/train.py", line 93, in get_dataloader
    dataset = self.build_dataset(dataset_path, mode, batch_size)
              ^^^^^^^^^^^^^^^^^^^^^^^^^^^^^^^^^^^^^^^^^^^^^^^^^^
  File "/u/fkm5yp/.local/lib/python3.12/site-packages/ultralytics/models/yolo/detect/train.py", line 77, in build_dataset
    return build_yolo_dataset(self.args, img_path, batch, self.data, mode=mode, rect=mode == "val", stride=gs)
           ^^^^^^^^^^^^^^^^^^^^^^^^^^^^^^^^^^^^^^^^^^^^^^^^^^^^^^^^^^^^^^^^^^^^^^^^^^^^^^^^^^^^^^^^^^^^^^^^^^^
  File "/u/fkm5yp/.local/lib/python3.12/site-packages/ultralytics/data/build.py", line 236, in build_yolo_dataset
    return dataset(
           ^^^^^^^^
  File "/u/fkm5yp/.local/lib/python3.12/site-packages/ultralytics/data/dataset.py", line 88, in __init__
    super().__init__(*args, channels=self.data.get("channels", 3), **kwargs)
  File "/u/fkm5yp/.local/lib/python3.12/site-packages/ultralytics/data/base.py", line 118, in __init__
    self.labels = self.get_labels()
                  ^^^^^^^^^^^^^^^^^
  File "/u/fkm5yp/.local/lib/python3.12/site-packages/ultralytics/data/dataset.py", line 187, in get_labels
    raise RuntimeError(f"No valid images found in {cache_path}.\n  {issues}\n{HELP_URL}")
RuntimeError: No valid images found in /u/fkm5yp/rustdetection/dataset/train/labels.cache.
  [34m[1mtrain: [0m/u/fkm5yp/rustdetection/dataset/train/images/06ec42e8-63.jpg: ignoring corrupt image/label: cannot identify image file '/u/fkm5yp/rustdetection/dataset/train/images/06ec42e8-63.jpg'
  [34m[1mtrain: [0m/u/fkm5yp/rustdetection/dataset/train/images/1a8f2adf-47.jpg: ignoring corrupt image/label: cannot identify image file '/u/fkm5yp/rustdetection/dataset/train/images/1a8f2adf-47.jpg'
  [34m[1mtrain: [0m/u/fkm5yp/rustdetection/dataset/train/images/2ad8f8bd-67.jpg: ignoring corrupt image/label: cannot identify image file '/u/fkm5yp/rustdetection/dataset/train/images/2ad8f8bd-67.jpg'
  [34m[1mtrain: [0m/u/fkm5yp/rustdetection/dataset/train/images/2c8c4950-27.jpg: ignoring corrupt image/label: cannot identify image file '/u/fkm5yp/rustdetection/dataset/train/images/2c8c4950-27.jpg'
  [34m[1mtrain: [0m/u/fkm5yp/rustdetection/dataset/train/images/3523d665-17.jpg: ignoring corrupt image/label: cannot identify image file '/u/fkm5yp/rustdetection/dataset/train/images/3523d665-17.jpg'
  [34m[1mtrain: [0m/u/fkm5yp/rustdetection/dataset/train/images/59465244-27.jpg: ignoring corrupt image/label: cannot identify image file '/u/fkm5yp/rustdetection/dataset/train/images/59465244-27.jpg'
  [34m[1mtrain: [0m/u/fkm5yp/rustdetection/dataset/train/images/63ac3235-48.jpg: ignoring corrupt image/label: cannot identify image file '/u/fkm5yp/rustdetection/dataset/train/images/63ac3235-48.jpg'
  [34m[1mtrain: [0m/u/fkm5yp/rustdetection/dataset/train/images/6fbae02b-70.jpg: ignoring corrupt image/label: cannot identify image file '/u/fkm5yp/rustdetection/dataset/train/images/6fbae02b-70.jpg'
  [34m[1mtrain: [0m/u/fkm5yp/rustdetection/dataset/train/images/8793719f-54.jpg: ignoring corrupt image/label: cannot identify image file '/u/fkm5yp/rustdetection/dataset/train/images/8793719f-54.jpg'
  [34m[1mtrain: [0m/u/fkm5yp/rustdetection/dataset/train/images/98056688-64.jpg: ignoring corrupt image/label: cannot identify image file '/u/fkm5yp/rustdetection/dataset/train/images/98056688-64.jpg'
  [34m[1mtrain: [0m/u/fkm5yp/rustdetection/dataset/train/images/a4a74e6e-69.jpg: ignoring corrupt image/label: cannot identify image file '/u/fkm5yp/rustdetection/dataset/train/images/a4a74e6e-69.jpg'
  [34m[1mtrain: [0m/u/fkm5yp/rustdetection/dataset/train/images/a6dbdbbb-16.jpg: ignoring corrupt image/label: cannot identify image file '/u/fkm5yp/rustdetection/dataset/train/images/a6dbdbbb-16.jpg'
  [34m[1mtrain: [0m/u/fkm5yp/rustdetection/dataset/train/images/b58a42b4-22.jpg: ignoring corrupt image/label: cannot identify image file '/u/fkm5yp/rustdetection/dataset/train/images/b58a42b4-22.jpg'
  [34m[1mtrain: [0m/u/fkm5yp/rustdetection/dataset/train/images/b82d925c-48.jpg: ignoring corrupt image/label: cannot identify image file '/u/fkm5yp/rustdetection/dataset/train/images/b82d925c-48.jpg'
  [34m[1mtrain: [0m/u/fkm5yp/rustdetection/dataset/train/images/b928ec59-71.jpg: ignoring corrupt image/label: cannot identify image file '/u/fkm5yp/rustdetection/dataset/train/images/b928ec59-71.jpg'
  [34m[1mtrain: [0m/u/fkm5yp/rustdetection/dataset/train/images/bce21a45-17.jpg: ignoring corrupt image/label: cannot identify image file '/u/fkm5yp/rustdetection/dataset/train/images/bce21a45-17.jpg'
  [34m[1mtrain: [0m/u/fkm5yp/rustdetection/dataset/train/images/c0a04e22-28.jpg: ignoring corrupt image/label: cannot identify image file '/u/fkm5yp/rustdetection/dataset/train/images/c0a04e22-28.jpg'
  [34m[1mtrain: [0m/u/fkm5yp/rustdetection/dataset/train/images/c54d98cb-72.jpg: ignoring corrupt image/label: cannot identify image file '/u/fkm5yp/rustdetection/dataset/train/images/c54d98cb-72.jpg'
  [34m[1mtrain: [0m/u/fkm5yp/rustdetection/dataset/train/images/d5fd38e5-14.jpg: ignoring corrupt image/label: cannot identify image file '/u/fkm5yp/rustdetection/dataset/train/images/d5fd38e5-14.jpg'
  [34m[1mtrain: [0m/u/fkm5yp/rustdetection/dataset/train/images/df84488e-15.jpg: ignoring corrupt image/label: cannot identify image file '/u/fkm5yp/rustdetection/dataset/train/images/df84488e-15.jpg'
  [34m[1mtrain: [0m/u/fkm5yp/rustdetection/dataset/train/images/e3be2745-68.jpg: ignoring corrupt image/label: cannot identify image file '/u/fkm5yp/rustdetection/dataset/train/images/e3be2745-68.jpg'
  [34m[1mtrain: [0m/u/fkm5yp/rustdetection/dataset/train/images/e5a5e0ae-73.jpg: ignoring corrupt image/label: cannot identify image file '/u/fkm5yp/rustdetection/dataset/train/images/e5a5e0ae-73.jpg'
  [34m[1mtrain: [0m/u/fkm5yp/rustdetection/dataset/train/images/ece7f944-11.jpg: ignoring corrupt image/label: cannot identify image file '/u/fkm5yp/rustdetection/dataset/train/images/ece7f944-11.jpg'
  [34m[1mtrain: [0m/u/fkm5yp/rustdetection/dataset/train/images/f128cce2-31.jpg: ignoring corrupt image/label: cannot identify image file '/u/fkm5yp/rustdetection/dataset/train/images/f128cce2-31.jpg'
  [34m[1mtrain: [0m/u/fkm5yp/rustdetection/dataset/train/images/f713481c-65.jpg: ignoring corrupt image/label: cannot identify image file '/u/fkm5yp/rustdetection/dataset/train/images/f713481c-65.jpg'
  [34m[1mtrain: [0m/u/fkm5yp/rustdetection/dataset/train/images/fdf59f81-10.jpg: ignoring corrupt image/label: cannot identify image file '/u/fkm5yp/rustdetection/dataset/train/images/fdf59f81-10.jpg'
  [34m[1mtrain: [0m/u/fkm5yp/rustdetection/dataset/train/images/feb8ecb5-23.jpg: ignoring corrupt image/label: cannot identify image file '/u/fkm5yp/rustdetection/dataset/train/images/feb8ecb5-23.jpg'
  [34m[1mtrain: [0m/u/fkm5yp/rustdetection/dataset/train/images/ff11f1a7-70.jpg: ignoring corrupt image/label: cannot identify image file '/u/fkm5yp/rustdetection/dataset/train/images/ff11f1a7-70.jpg'
See https://docs.ultralytics.com/datasets for dataset formatting guidance.
