=== Batch rust inference: Tue Apr 14 05:00:24 PM EDT 2026 ===

image 1/64 /u/fkm5yp/rustorbustyolo_jobs/rust_batch_20260414_170012/input/10.jpg: 416x640 21 rusts, 318.7ms
image 2/64 /u/fkm5yp/rustorbustyolo_jobs/rust_batch_20260414_170012/input/11.jpg: 416x640 2 rusts, 19.4ms
image 3/64 /u/fkm5yp/rustorbustyolo_jobs/rust_batch_20260414_170012/input/12.jpg: 416x640 15 rusts, 21.4ms
image 4/64 /u/fkm5yp/rustorbustyolo_jobs/rust_batch_20260414_170012/input/13.jpg: 416x640 10 rusts, 14.3ms
image 5/64 /u/fkm5yp/rustorbustyolo_jobs/rust_batch_20260414_170012/input/14.jpg: 416x640 13 rusts, 12.9ms
image 6/64 /u/fkm5yp/rustorbustyolo_jobs/rust_batch_20260414_170012/input/15.jpg: 416x640 10 rusts, 14.0ms
image 7/64 /u/fkm5yp/rustorbustyolo_jobs/rust_batch_20260414_170012/input/16.jpg: 416x640 17 rusts, 12.9ms
image 8/64 /u/fkm5yp/rustorbustyolo_jobs/rust_batch_20260414_170012/input/17.jpg: 416x640 5 rusts, 12.8ms
image 9/64 /u/fkm5yp/rustorbustyolo_jobs/rust_batch_20260414_170012/input/18.jpg: 416x640 9 rusts, 12.7ms
image 10/64 /u/fkm5yp/rustorbustyolo_jobs/rust_batch_20260414_170012/input/19.jpg: 416x640 11 rusts, 12.7ms
image 11/64 /u/fkm5yp/rustorbustyolo_jobs/rust_batch_20260414_170012/input/20.jpg: 416x640 6 rusts, 12.9ms
image 12/64 /u/fkm5yp/rustorbustyolo_jobs/rust_batch_20260414_170012/input/21.jpg: 416x640 6 rusts, 13.3ms
image 13/64 /u/fkm5yp/rustorbustyolo_jobs/rust_batch_20260414_170012/input/22.jpg: 416x640 10 rusts, 18.8ms
image 14/64 /u/fkm5yp/rustorbustyolo_jobs/rust_batch_20260414_170012/input/23.jpg: 416x640 3 rusts, 15.0ms
image 15/64 /u/fkm5yp/rustorbustyolo_jobs/rust_batch_20260414_170012/input/24.jpg: 416x640 16 rusts, 17.2ms
image 16/64 /u/fkm5yp/rustorbustyolo_jobs/rust_batch_20260414_170012/input/25.jpg: 416x640 14 rusts, 13.1ms
image 17/64 /u/fkm5yp/rustorbustyolo_jobs/rust_batch_20260414_170012/input/26.jpg: 416x640 9 rusts, 20.0ms
image 18/64 /u/fkm5yp/rustorbustyolo_jobs/rust_batch_20260414_170012/input/27.jpg: 416x640 19 rusts, 19.1ms
image 19/64 /u/fkm5yp/rustorbustyolo_jobs/rust_batch_20260414_170012/input/28.jpg: 416x640 12 rusts, 20.3ms
image 20/64 /u/fkm5yp/rustorbustyolo_jobs/rust_batch_20260414_170012/input/29.jpg: 416x640 6 rusts, 13.1ms
image 21/64 /u/fkm5yp/rustorbustyolo_jobs/rust_batch_20260414_170012/input/30.jpg: 416x640 12 rusts, 23.0ms
image 22/64 /u/fkm5yp/rustorbustyolo_jobs/rust_batch_20260414_170012/input/31.jpg: 416x640 6 rusts, 21.2ms
image 23/64 /u/fkm5yp/rustorbustyolo_jobs/rust_batch_20260414_170012/input/32.jpg: 416x640 6 rusts, 21.7ms
image 24/64 /u/fkm5yp/rustorbustyolo_jobs/rust_batch_20260414_170012/input/33.jpg: 416x640 4 rusts, 21.2ms
image 25/64 /u/fkm5yp/rustorbustyolo_jobs/rust_batch_20260414_170012/input/34.jpg: 416x640 6 rusts, 13.5ms
image 26/64 /u/fkm5yp/rustorbustyolo_jobs/rust_batch_20260414_170012/input/35.jpg: 416x640 9 rusts, 15.1ms
image 27/64 /u/fkm5yp/rustorbustyolo_jobs/rust_batch_20260414_170012/input/36.jpg: 416x640 3 rusts, 12.5ms
image 28/64 /u/fkm5yp/rustorbustyolo_jobs/rust_batch_20260414_170012/input/37.jpg: 416x640 8 rusts, 20.0ms
image 29/64 /u/fkm5yp/rustorbustyolo_jobs/rust_batch_20260414_170012/input/38.jpg: 416x640 10 rusts, 12.7ms
image 30/64 /u/fkm5yp/rustorbustyolo_jobs/rust_batch_20260414_170012/input/39.jpg: 416x640 7 rusts, 15.0ms
image 31/64 /u/fkm5yp/rustorbustyolo_jobs/rust_batch_20260414_170012/input/40.jpg: 416x640 4 rusts, 15.4ms
image 32/64 /u/fkm5yp/rustorbustyolo_jobs/rust_batch_20260414_170012/input/41.jpg: 416x640 (no detections), 14.5ms
image 33/64 /u/fkm5yp/rustorbustyolo_jobs/rust_batch_20260414_170012/input/42.jpg: 416x640 4 rusts, 17.3ms
image 34/64 /u/fkm5yp/rustorbustyolo_jobs/rust_batch_20260414_170012/input/43.jpg: 416x640 7 rusts, 21.2ms
image 35/64 /u/fkm5yp/rustorbustyolo_jobs/rust_batch_20260414_170012/input/44.jpg: 416x640 10 rusts, 21.8ms
image 36/64 /u/fkm5yp/rustorbustyolo_jobs/rust_batch_20260414_170012/input/45.jpg: 416x640 7 rusts, 21.2ms
image 37/64 /u/fkm5yp/rustorbustyolo_jobs/rust_batch_20260414_170012/input/46.jpg: 416x640 5 rusts, 21.2ms
image 38/64 /u/fkm5yp/rustorbustyolo_jobs/rust_batch_20260414_170012/input/47.jpg: 416x640 4 rusts, 13.3ms
image 39/64 /u/fkm5yp/rustorbustyolo_jobs/rust_batch_20260414_170012/input/48.jpg: 416x640 1 rust, 15.0ms
image 40/64 /u/fkm5yp/rustorbustyolo_jobs/rust_batch_20260414_170012/input/49.jpg: 416x640 17 rusts, 14.5ms
image 41/64 /u/fkm5yp/rustorbustyolo_jobs/rust_batch_20260414_170012/input/50.jpg: 416x640 21 rusts, 20.5ms
image 42/64 /u/fkm5yp/rustorbustyolo_jobs/rust_batch_20260414_170012/input/51.jpg: 416x640 23 rusts, 13.9ms
image 43/64 /u/fkm5yp/rustorbustyolo_jobs/rust_batch_20260414_170012/input/52.jpg: 416x640 10 rusts, 12.6ms
image 44/64 /u/fkm5yp/rustorbustyolo_jobs/rust_batch_20260414_170012/input/53.jpg: 416x640 19 rusts, 18.3ms
image 45/64 /u/fkm5yp/rustorbustyolo_jobs/rust_batch_20260414_170012/input/54.jpg: 416x640 24 rusts, 14.1ms
image 46/64 /u/fkm5yp/rustorbustyolo_jobs/rust_batch_20260414_170012/input/55.jpg: 416x640 4 rusts, 12.7ms
image 47/64 /u/fkm5yp/rustorbustyolo_jobs/rust_batch_20260414_170012/input/56.jpg: 416x640 10 rusts, 21.3ms
image 48/64 /u/fkm5yp/rustorbustyolo_jobs/rust_batch_20260414_170012/input/57.jpg: 416x640 11 rusts, 19.6ms
image 49/64 /u/fkm5yp/rustorbustyolo_jobs/rust_batch_20260414_170012/input/58.jpg: 416x640 9 rusts, 21.1ms
image 50/64 /u/fkm5yp/rustorbustyolo_jobs/rust_batch_20260414_170012/input/59.jpg: 416x640 19 rusts, 13.2ms
image 51/64 /u/fkm5yp/rustorbustyolo_jobs/rust_batch_20260414_170012/input/60.jpg: 416x640 9 rusts, 16.5ms
image 52/64 /u/fkm5yp/rustorbustyolo_jobs/rust_batch_20260414_170012/input/61.jpg: 416x640 7 rusts, 14.5ms
image 53/64 /u/fkm5yp/rustorbustyolo_jobs/rust_batch_20260414_170012/input/62.jpg: 416x640 14 rusts, 13.2ms
image 54/64 /u/fkm5yp/rustorbustyolo_jobs/rust_batch_20260414_170012/input/63.jpg: 416x640 17 rusts, 17.1ms
image 55/64 /u/fkm5yp/rustorbustyolo_jobs/rust_batch_20260414_170012/input/64.jpg: 416x640 20 rusts, 12.8ms
image 56/64 /u/fkm5yp/rustorbustyolo_jobs/rust_batch_20260414_170012/input/65.jpg: 416x640 21 rusts, 14.5ms
image 57/64 /u/fkm5yp/rustorbustyolo_jobs/rust_batch_20260414_170012/input/66.jpg: 416x640 24 rusts, 14.5ms
image 58/64 /u/fkm5yp/rustorbustyolo_jobs/rust_batch_20260414_170012/input/67.jpg: 416x640 15 rusts, 13.5ms
image 59/64 /u/fkm5yp/rustorbustyolo_jobs/rust_batch_20260414_170012/input/68.jpg: 416x640 14 rusts, 19.6ms
image 60/64 /u/fkm5yp/rustorbustyolo_jobs/rust_batch_20260414_170012/input/69.jpg: 416x640 12 rusts, 21.1ms
image 61/64 /u/fkm5yp/rustorbustyolo_jobs/rust_batch_20260414_170012/input/70.jpg: 416x640 16 rusts, 13.6ms
image 62/64 /u/fkm5yp/rustorbustyolo_jobs/rust_batch_20260414_170012/input/71.jpg: 416x640 14 rusts, 14.5ms
image 63/64 /u/fkm5yp/rustorbustyolo_jobs/rust_batch_20260414_170012/input/72.jpg: 416x640 16 rusts, 21.1ms
image 64/64 /u/fkm5yp/rustorbustyolo_jobs/rust_batch_20260414_170012/input/73.jpg: 416x640 22 rusts, 19.6ms
Speed: 5.9ms preprocess, 21.2ms inference, 18.5ms postprocess per image at shape (1, 3, 416, 640)
Results saved to [1m/u/fkm5yp/rustorbustyolo_jobs/rust_batch_20260414_170012/output/results[0m
63 labels saved to /u/fkm5yp/rustorbustyolo_jobs/rust_batch_20260414_170012/output/results/labels
Processed 64 images
Total detections: 715
Annotated outputs: /u/fkm5yp/rustorbustyolo_jobs/rust_batch_20260414_170012/output/results
CSV summary: /u/fkm5yp/rustorbustyolo_jobs/rust_batch_20260414_170012/output/results/summary.csv
JSON summary: /u/fkm5yp/rustorbustyolo_jobs/rust_batch_20260414_170012/output/results/summary.json
=== Finished: Tue Apr 14 05:02:04 PM EDT 2026 ===
