=== YOLOv8-seg Training: Tue Apr 14 12:34:12 PM EDT 2026 ===
Tue Apr 14 12:34:12 2026       
+-----------------------------------------------------------------------------------------+
| NVIDIA-SMI 570.124.06             Driver Version: 570.124.06     CUDA Version: 12.8     |
|-----------------------------------------+------------------------+----------------------+
| GPU  Name                 Persistence-M | Bus-Id          Disp.A | Volatile Uncorr. ECC |
| Fan  Temp   Perf          Pwr:Usage/Cap |           Memory-Usage | GPU-Util  Compute M. |
|                                         |                        |               MIG M. |
|=========================================+========================+======================|
|   0  Quadro RTX 4000                Off |   00000000:3D:00.0 Off |                  N/A |
| 30%   24C    P8              9W /  125W |       1MiB /   8192MiB |      0%      Default |
|                                         |                        |                  N/A |
+-----------------------------------------+------------------------+----------------------+
                                                                                         
+-----------------------------------------------------------------------------------------+
| Processes:                                                                              |
|  GPU   GI   CI              PID   Type   Process name                        GPU Memory |
|        ID   ID                                                               Usage      |
|=========================================================================================|
|  No running processes found                                                             |
+-----------------------------------------------------------------------------------------+
[notice] To update, run: pip install --upgrade pip
[notice] To update, run: pip install --upgrade pip
CUDA: True, Device: Quadro RTX 4000
CUDA available: True
GPU: Quadro RTX 4000
ERROR: Model file missing or too small: 
=== Done: Tue Apr 14 12:36:46 PM EDT 2026 ===
